\BOOKMARK [1][-]{section.1}{Introduction}{}% 1
\BOOKMARK [1][-]{section.2}{Related Work please change all the citations!!!}{}% 2
\BOOKMARK [2][-]{subsection.2.1}{Retweet behavior analysis}{section.2}% 3
\BOOKMARK [2][-]{subsection.2.2}{User profile and user modeling}{section.2}% 4
\BOOKMARK [2][-]{subsection.2.3}{Sentiment Analysis}{section.2}% 5
\BOOKMARK [1][-]{section.3}{Subjective Model \(This section should rewrite!!!\).}{}% 6
\BOOKMARK [2][-]{subsection.3.1}{Definition}{section.3}% 7
\BOOKMARK [2][-]{subsection.3.2}{Retweet Problem Statement}{section.3}% 8
\BOOKMARK [2][-]{subsection.3.3}{Retweet Problem Formulation With Subjective Model}{section.3}% 9
\BOOKMARK [3][-]{subsubsection.3.3.1}{Topic Analysis for Tweets}{subsection.3.3}% 10
\BOOKMARK [3][-]{subsubsection.3.3.2}{Sentiment Analysis for Tweets}{subsection.3.3}% 11
\BOOKMARK [3][-]{subsubsection.3.3.3}{Concrete Subjective Model\(Concrete?\)}{subsection.3.3}% 12
\BOOKMARK [3][-]{subsubsection.3.3.4}{Retweet Analysis Formulation With Subjective Model}{subsection.3.3}% 13
\BOOKMARK [1][-]{section.4}{Experiment}{}% 14
\BOOKMARK [2][-]{subsection.4.1}{DatasetYou should give more detail about the data, since nobody like to read original paper!!!}{section.4}% 15
\BOOKMARK [2][-]{subsection.4.2}{Example of Subjective Model The position of this subsection is strange, you can put it into introduction, the beginning of section 3 or last}{section.4}% 16
\BOOKMARK [2][-]{subsection.4.3}{Influence of Subjective Model on Retweet}{section.4}% 17
\BOOKMARK [2][-]{subsection.4.4}{Performance of Retweet Prediction }{section.4}% 18
\BOOKMARK [3][-]{subsubsection.4.4.1}{Comparison With Other User Models}{subsection.4.4}% 19
\BOOKMARK [3][-]{subsubsection.4.4.2}{Retweet Classification Evaluation}{subsection.4.4}% 20
\BOOKMARK [1][-]{section.5}{Conclusion}{}% 21
\BOOKMARK [1][-]{section.6}{References}{}% 22
